<?xml version="1.0" encoding="UTF-8"?>
<!-- Generated by org.testng.reporters.JUnitReportReporter -->
<testsuite hostname="Marias-MacBook-Pro.local" failures="0" tests="5" name="selenium.MouseActionsTest" time="1.454" errors="0" timestamp="2022-07-14T21:45:27 PDT" skipped="0">
  <testcase classname="selenium.MouseActionsTest" name="clickOnLink" time="0.325"/>
  <system-out/>
  <testcase classname="selenium.MouseActionsTest" name="enterMouseBox" time="0.170"/>
  <system-out/>
  <testcase classname="selenium.MouseActionsTest" name="dragAndDrop" time="0.277"/>
  <system-out/>
  <testcase classname="selenium.MouseActionsTest" name="mouseHover" time="0.130"/>
  <system-out/>
  <testcase classname="selenium.MouseActionsTest" name="clickTextBox" time="0.552"/>
  <system-out/>
</testsuite> <!-- selenium.MouseActionsTest -->
