<?xml version="1.0" encoding="UTF-8"?>
<!-- Generated by org.testng.reporters.JUnitReportReporter -->
<testsuite hostname="Marias-MacBook-Pro.local" failures="0" tests="3" name="selenium.KeysText" time="0.564" errors="0" timestamp="2022-07-14T21:38:08 PDT" skipped="0">
  <testcase classname="selenium.KeysText" name="keyDown" time="0.184"/>
  <system-out/>
  <testcase classname="selenium.KeysText" name="keyUp" time="0.187"/>
  <system-out/>
  <testcase classname="selenium.KeysText" name="fillTextBox" time="0.193"/>
  <system-out/>
</testsuite> <!-- selenium.KeysText -->
