<?xml version="1.0" encoding="UTF-8"?>
<!-- Generated by org.testng.reporters.JUnitReportReporter -->
<testsuite hostname="Marias-MacBook-Pro.local" failures="0" tests="5" name="selenium.MouseActionsTest" time="1.369" errors="0" timestamp="2022-07-15T11:12:53 PDT" skipped="0">
  <testcase classname="selenium.MouseActionsTest" name="enterMouseBox" time="0.151"/>
  <system-out/>
  <testcase classname="selenium.MouseActionsTest" name="clickTextBox" time="0.543"/>
  <system-out/>
  <testcase classname="selenium.MouseActionsTest" name="clickOnLink" time="0.280"/>
  <system-out/>
  <testcase classname="selenium.MouseActionsTest" name="mouseHover" time="0.131"/>
  <system-out/>
  <testcase classname="selenium.MouseActionsTest" name="dragAndDrop" time="0.264"/>
  <system-out/>
</testsuite> <!-- selenium.MouseActionsTest -->
